<?xml version="1.0" encoding="UTF-8"?>
<testng-results ignored="0" total="1" passed="1" failed="0" skipped="0">
  <reporter-output>
  </reporter-output>
  <suite started-at="2021-04-10T02:38:10Z" name="Suite" finished-at="2021-04-10T02:38:17Z" duration-ms="7089">
    <groups>
    </groups>
    <test started-at="2021-04-10T02:38:10Z" name="Test" finished-at="2021-04-10T02:38:17Z" duration-ms="7089">
      <class name="Test.TestLeaveType">
        <test-method is-config="true" signature="openBrowser()[pri:0, instance:Test.TestLeaveType@6328d34a]" started-at="2021-04-10T02:38:10Z" name="openBrowser" finished-at="2021-04-10T02:38:14Z" duration-ms="3541" status="PASS">
          <reporter-output>
          </reporter-output>
        </test-method> <!-- openBrowser -->
        <test-method is-config="true" signature="logintoapp()[pri:0, instance:Test.TestLeaveType@6328d34a]" started-at="2021-04-10T02:38:14Z" name="logintoapp" finished-at="2021-04-10T02:38:14Z" duration-ms="245" status="PASS">
          <reporter-output>
          </reporter-output>
        </test-method> <!-- logintoapp -->
        <test-method signature="createLeave()[pri:0, instance:Test.TestLeaveType@6328d34a]" started-at="2021-04-10T02:38:14Z" name="createLeave" finished-at="2021-04-10T02:38:17Z" duration-ms="3292" status="PASS">
          <reporter-output>
          </reporter-output>
        </test-method> <!-- createLeave -->
      </class> <!-- Test.TestLeaveType -->
    </test> <!-- Test -->
  </suite> <!-- Suite -->
</testng-results>
